<?xml version="1.0" encoding="UTF-8"?>
<!-- Generated by org.testng.reporters.JUnitReportReporter -->
<testsuite hostname="pritup-HP" name="Module1.LoginModule" tests="1" failures="0" timestamp="7 Oct 2014 07:12:14 GMT" time="44.589" errors="0">
  <testcase name="LoginTestCase" time="44.589" classname="Module1.LoginModule"/>
</testsuite>
