<?xml version="1.0" encoding="UTF-8"?>
<!-- Generated by org.testng.reporters.JUnitReportReporter -->
<testsuite hostname="pritup-HP" name="Module1.Cant_Access_Account" tests="1" failures="0" timestamp="7 Oct 2014 07:10:56 GMT" time="12.515" errors="0">
  <testcase name="TestCantaccessaccount" time="12.515" classname="Module1.Cant_Access_Account"/>
</testsuite>
